0 info it worked if it ends with ok
1 verbose cli [ '/usr/bin/nodejs',
1 verbose cli   '/usr/bin/npm',
1 verbose cli   'install',
1 verbose cli   '-g',
1 verbose cli   'phonegap@3.1.0' ]
2 info using npm@1.2.18
3 info using node@v0.10.15
4 verbose read json /usr/local/lib/package.json
5 verbose read json /usr/local/lib/package.json
6 verbose cache add [ 'phonegap@3.1.0', null ]
7 verbose cache add name=undefined spec="phonegap@3.1.0" args=["phonegap@3.1.0",null]
8 verbose parsed url { protocol: null,
8 verbose parsed url   slashes: null,
8 verbose parsed url   auth: null,
8 verbose parsed url   host: null,
8 verbose parsed url   port: null,
8 verbose parsed url   hostname: null,
8 verbose parsed url   hash: null,
8 verbose parsed url   search: null,
8 verbose parsed url   query: null,
8 verbose parsed url   pathname: 'phonegap@3.1.0',
8 verbose parsed url   path: 'phonegap@3.1.0',
8 verbose parsed url   href: 'phonegap@3.1.0' }
9 verbose cache add name="phonegap" spec="3.1.0" args=["phonegap","3.1.0"]
10 verbose parsed url { protocol: null,
10 verbose parsed url   slashes: null,
10 verbose parsed url   auth: null,
10 verbose parsed url   host: null,
10 verbose parsed url   port: null,
10 verbose parsed url   hostname: null,
10 verbose parsed url   hash: null,
10 verbose parsed url   search: null,
10 verbose parsed url   query: null,
10 verbose parsed url   pathname: '3.1.0',
10 verbose parsed url   path: '3.1.0',
10 verbose parsed url   href: '3.1.0' }
11 verbose addNamed [ 'phonegap', '3.1.0' ]
12 verbose addNamed [ '3.1.0', '3.1.0' ]
13 silly lockFile df097922-phonegap-3-1-0 phonegap@3.1.0
14 verbose lock phonegap@3.1.0 /home/abysmli/.npm/df097922-phonegap-3-1-0.lock
15 verbose url raw phonegap/3.1.0
16 verbose url resolving [ 'https://registry.npmjs.org/', './phonegap/3.1.0' ]
17 verbose url resolved https://registry.npmjs.org/phonegap/3.1.0
18 info trying registry request attempt 1 at 01:21:13
19 http GET https://registry.npmjs.org/phonegap/3.1.0
20 http 404 https://registry.npmjs.org/phonegap/3.1.0
21 silly registry.get cb [ 404,
21 silly registry.get   { date: 'Mon, 20 Jan 2014 00:21:14 GMT',
21 silly registry.get     server: 'CouchDB/1.5.0 (Erlang OTP/R15B03)',
21 silly registry.get     etag: '"5G0K9VPKJVHPRHCUX2U6BTQOA"',
21 silly registry.get     'content-type': 'application/json',
21 silly registry.get     'cache-control': 'max-age=0',
21 silly registry.get     'content-length': '36',
21 silly registry.get     'accept-ranges': 'bytes',
21 silly registry.get     via: '1.1 varnish',
21 silly registry.get     age: '0',
21 silly registry.get     'x-served-by': 'cache-fra1221-FRA',
21 silly registry.get     'x-cache': 'MISS',
21 silly registry.get     'x-cache-hits': '0',
21 silly registry.get     'x-timer': 'S1390177274.369792938,VS0,VE150',
21 silly registry.get     vary: 'Accept',
21 silly registry.get     'keep-alive': 'timeout=10, max=50',
21 silly registry.get     connection: 'Keep-Alive' } ]
22 silly lockFile df097922-phonegap-3-1-0 phonegap@3.1.0
23 silly lockFile df097922-phonegap-3-1-0 phonegap@3.1.0
24 error Error: version not found: 3.1.0 : phonegap/3.1.0
24 error     at RegClient.<anonymous> (/usr/share/npm/node_modules/npm-registry-client/lib/request.js:269:14)
24 error     at Request.self.callback (/usr/lib/nodejs/request/main.js:119:22)
24 error     at Request.<anonymous> (/usr/lib/nodejs/request/main.js:525:16)
24 error     at Request.EventEmitter.emit (events.js:95:17)
24 error     at IncomingMessage.<anonymous> (/usr/lib/nodejs/request/main.js:484:14)
24 error     at IncomingMessage.EventEmitter.emit (events.js:117:20)
24 error     at _stream_readable.js:910:16
24 error     at process._tickCallback (node.js:415:13)
25 error If you need help, you may report this log at:
25 error     <http://bugs.debian.org/npm>
25 error or use
25 error     reportbug --attach /home/abysmli/workspace/android/easy_click/npm-debug.log npm
26 error System Linux 3.11.0-15-generic
27 error command "/usr/bin/nodejs" "/usr/bin/npm" "install" "-g" "phonegap@3.1.0"
28 error cwd /home/abysmli/workspace/android/easy_click
29 error node -v v0.10.15
30 error npm -v 1.2.18
31 verbose exit [ 1, true ]
